2023-09-09T03:51:31.972Z [info] @Success
Payer: alice@example.com
Payee: bob@example.com
Amount: 1000

2023-09-09T07:06:02.541Z [info] @Success
Payer: alice@example.com
Payee: bob@example.com
Amount: 1000

2023-09-09T07:06:40.827Z [info] @Failure: Insufficient Balance
Payer: alice@example.com
Payee: bob@example.com
Amount: 490000

2023-09-09T07:06:51.917Z [info] @Success
Payer: alice@example.com
Payee: bob@example.com
Amount: 1000

2023-09-09T07:07:31.084Z [info] @Success
Payer: bob@example.com
Payee: carol@example.com
Amount: 4000

2023-09-09T07:08:01.741Z [info] @Success
Payer: carol@example.com
Payee: alice@example.com
Amount: 1900

2023-09-12T03:28:46.389Z [info] @Success
Payer: grace@example.com
Payee: alice@example.com
Amount: 6700

2023-09-12T03:31:37.670Z [info] @Success
Payer: grace@example.com
Payee: alice@example.com
Amount: 1000

2023-09-12T11:35:19.330Z [info] @Success
Payer: alice@example.com
Payee: bob@example.com
Amount: 7600

2023-09-13T04:58:40.828Z [info] @Success
Payer: david@example.com
Payee: alice@example.com
Amount: 2000

2023-09-15T10:02:01.328Z [info] @Success
Payer: david@example.com
Payee: alice@example.com
Amount: 1000

